Testing ./vbitsel_v
__m128i a: 123456789abcdef0 0fedcba987654321
__m128i b: 1122334455667788 1212343456567878
__m128i c: 0ff0ffff00000000 0102040810204080
__m128i __lsx_vbitsel_v(a, b, c): 112433449abcdef0 0eefcfa197454321
Testing ./vfcmp
__m128 a: 1.000000 2.000000 3.000000 4.000000
__m128 b: 5.000000 6.000000 2.000000 1.000000
__m128i __lsx_vfcmp_slt_s(a, b): ffffffffffffffff 0000000000000000
__m128d a: 1.000000 2.000000
__m128d b: 3.000000 1.000000
__m128i __lsx_vfcmp_slt_d(a, b): ffffffffffffffff 0000000000000000
Testing ./vfmadd
__m128 a: 1.000000 2.000000 3.000000 4.000000
__m128 b: 5.000000 6.000000 7.000000 8.000000
__m128 c: 9.000000 10.000000 11.000000 12.000000
__m128 __lsx_vfmadd_s(a, b, c): 14.000000 22.000000 32.000000 44.000000
__m128d a: 1.000000 2.000000
__m128d b: 3.000000 4.000000
__m128d c: 5.000000 6.000000
__m128d __lsx_vfmadd_d(a, b, c): 8.000000 14.000000
Testing ./vfmsub
__m128 a: 1.000000 2.000000 3.000000 4.000000
__m128 b: 5.000000 6.000000 7.000000 8.000000
__m128 c: 9.000000 10.000000 11.000000 12.000000
__m128 __lsx_vfmsub_s(a, b, c): -4.000000 2.000000 10.000000 20.000000
__m128d a: 1.000000 2.000000
__m128d b: 3.000000 4.000000
__m128d c: 5.000000 6.000000
__m128d __lsx_vfmsub_d(a, b, c): -2.000000 2.000000
Testing ./vfnmadd
__m128 a: 1.000000 2.000000 3.000000 4.000000
__m128 b: 5.000000 6.000000 7.000000 8.000000
__m128 c: 9.000000 10.000000 11.000000 12.000000
__m128 __lsx_vfnmadd_s(a, b, c): -14.000000 -22.000000 -32.000000 -44.000000
__m128d a: 1.000000 2.000000
__m128d b: 3.000000 4.000000
__m128d c: 5.000000 6.000000
__m128d __lsx_vfnmadd_d(a, b, c): -8.000000 -14.000000
Testing ./vfnmsub
__m128 a: 1.000000 2.000000 3.000000 4.000000
__m128 b: 5.000000 6.000000 7.000000 8.000000
__m128 c: 9.000000 10.000000 11.000000 12.000000
__m128 __lsx_vfnmsub_s(a, b, c): 4.000000 -2.000000 -10.000000 -20.000000
__m128d a: 1.000000 2.000000
__m128d b: 3.000000 4.000000
__m128d c: 5.000000 6.000000
__m128d __lsx_vfnmsub_d(a, b, c): 2.000000 -2.000000
Testing ./vshuf_b
__m128i a: 123456789abcdef0 0fedcba987654321
__m128i b: 1122334455667788 1212343456567878
__m128i c: 0001020304050607 0001020304050607
__m128i __lsx_vshuf_b(a, b, c): 8877665544332211 8877665544332211
__m128i c: 08090a0b0c0d0e0f 08090a0b0c0d0e0f
__m128i __lsx_vshuf_b(a, b, c): 7878565634341212 7878565634341212
__m128i c: 1011121314151617 1011121314151617
__m128i __lsx_vshuf_b(a, b, c): f0debc9a78563412 f0debc9a78563412
__m128i c: 18191a1b1c1d1e1f 18191a1b1c1d1e1f
__m128i __lsx_vshuf_b(a, b, c): 21436587a9cbed0f 21436587a9cbed0f
__m128i c: 2021ffffffffffff 2223ffffffffffff
__m128i __lsx_vshuf_b(a, b, c): 8877000000000000 6655000000000000
__m128i c: 0706050403020100 1f1e1d1c1b1a1918
__m128i __lsx_vshuf_b(a, b, c): 1122334455667788 0fedcba987654321
Testing ./vshuf_h
__m128i a: 0001020304050607 0001020304050607
__m128i b: 123456789abcdef0 0fedcba987654321
__m128i c: 1122334455667788 1212343456567878
__m128i __lsx_vshuf_h(a, b, c): 5566112256561212 5566112256561212
__m128i a: 08090a0b0c0d0e0f 08090a0b0c0d0e0f
__m128i __lsx_vshuf_h(a, b, c): 9abc123487650fed 9abc123487650fed
__m128i a: 1011121314151617 1011121314151617
__m128i __lsx_vshuf_h(a, b, c): 5566112256561212 5566112256561212
__m128i a: 18191a1b1c1d1e1f 18191a1b1c1d1e1f
__m128i __lsx_vshuf_h(a, b, c): 9abc123487650fed 9abc123487650fed
__m128i a: 2021ffffffffffff 2223ffffffffffff
__m128i __lsx_vshuf_h(a, b, c): 5566000000000000 1122000000000000
__m128i a: 0706050403020100 1f1e1d1c1b1a1918
__m128i __lsx_vshuf_h(a, b, c): 3434787833447788 cba943215678def0
Testing ./vshuf_w
__m128i a: 0001020304050607 0001020304050607
__m128i b: 123456789abcdef0 0fedcba987654321
__m128i c: 1122334455667788 1212343456567878
__m128i __lsx_vshuf_w(a, b, c): 121234340fedcba9 121234340fedcba9
__m128i a: 08090a0b0c0d0e0f 08090a0b0c0d0e0f
__m128i __lsx_vshuf_w(a, b, c): 121234340fedcba9 121234340fedcba9
__m128i a: 1011121314151617 1011121314151617
__m128i __lsx_vshuf_w(a, b, c): 121234340fedcba9 121234340fedcba9
__m128i a: 18191a1b1c1d1e1f 18191a1b1c1d1e1f
__m128i __lsx_vshuf_w(a, b, c): 121234340fedcba9 121234340fedcba9
__m128i a: 2021ffffffffffff 2223ffffffffffff
__m128i __lsx_vshuf_w(a, b, c): 0000000000000000 0000000000000000
__m128i a: 0706050403020100 1f1e1d1c1b1a1918
__m128i __lsx_vshuf_w(a, b, c): 9abcdef055667788 9abcdef055667788
